Using pre-set license
Built from '2022.3/staging' branch; Version is '2022.3.62f1 (4af31df58517) revision 4911901'; Using compiler version '192829333'; Build Type 'Release'
OS: 'Windows 11  (10.0.26100) 64bit Core' Language: 'uk' Physical Memory: 24283 MB
BatchMode: 1, IsHumanControllingUs: 0, StartBugReporterOnCrash: 0, Is64bit: 1, IsPro: 1

COMMAND LINE ARGUMENTS:
D:\UnityHub\Editor\2022.3.62f1\Editor\Unity.exe
-adb2
-batchMode
-noUpm
-name
AssetImportWorker6
-projectPath
D:/Space-microgame/Space-microgame
-logFile
Logs/AssetImportWorker6.log
-srvPort
60999
Successfully changed project path to: D:/Space-microgame/Space-microgame
D:/Space-microgame/Space-microgame
[UnityMemory] Configuration Parameters - Can be set up in boot.config
    "memorysetup-bucket-allocator-granularity=16"
    "memorysetup-bucket-allocator-bucket-count=8"
    "memorysetup-bucket-allocator-block-size=33554432"
    "memorysetup-bucket-allocator-block-count=8"
    "memorysetup-main-allocator-block-size=16777216"
    "memorysetup-thread-allocator-block-size=16777216"
    "memorysetup-gfx-main-allocator-block-size=16777216"
    "memorysetup-gfx-thread-allocator-block-size=16777216"
    "memorysetup-cache-allocator-block-size=4194304"
    "memorysetup-typetree-allocator-block-size=2097152"
    "memorysetup-profiler-bucket-allocator-granularity=16"
    "memorysetup-profiler-bucket-allocator-bucket-count=8"
    "memorysetup-profiler-bucket-allocator-block-size=33554432"
    "memorysetup-profiler-bucket-allocator-block-count=8"
    "memorysetup-profiler-allocator-block-size=16777216"
    "memorysetup-profiler-editor-allocator-block-size=1048576"
    "memorysetup-temp-allocator-size-main=16777216"
    "memorysetup-job-temp-allocator-block-size=2097152"
    "memorysetup-job-temp-allocator-block-size-background=1048576"
    "memorysetup-job-temp-allocator-reduction-small-platforms=262144"
    "memorysetup-allocator-temp-initial-block-size-main=262144"
    "memorysetup-allocator-temp-initial-block-size-worker=262144"
    "memorysetup-temp-allocator-size-background-worker=32768"
    "memorysetup-temp-allocator-size-job-worker=262144"
    "memorysetup-temp-allocator-size-preload-manager=33554432"
    "memorysetup-temp-allocator-size-nav-mesh-worker=65536"
    "memorysetup-temp-allocator-size-audio-worker=65536"
    "memorysetup-temp-allocator-size-cloud-worker=32768"
    "memorysetup-temp-allocator-size-gi-baking-worker=262144"
    "memorysetup-temp-allocator-size-gfx=262144"
Player connection [30636]  Target information:

Player connection [30636]  * "[IP] 192.168.1.106 [Port] 0 [Flags] 2 [Guid] 2690514731 [EditorId] 2690514731 [Version] 1048832 [Id] WindowsEditor(7,DESKTOP-BRNFHF2) [Debug] 1 [PackageName] WindowsEditor [ProjectName] Editor" 

Player connection [30636] Host joined multi-casting on [225.0.0.222:54997]...
Player connection [30636] Host joined alternative multi-casting on [225.0.0.222:34997]...
Input System module state changed to: Initialized.
[PhysX] Initialized MultithreadedTaskDispatcher with 12 workers.
Refreshing native plugins compatible for Editor in 13.10 ms, found 4 plugins.
Preloading 0 native plugins for Editor in 0.00 ms.
Initialize engine version: 2022.3.62f1 (4af31df58517)
[Subsystems] Discovering subsystems at path D:/UnityHub/Editor/2022.3.62f1/Editor/Data/Resources/UnitySubsystems
[Subsystems] Discovering subsystems at path D:/Space-microgame/Space-microgame/Assets
GfxDevice: creating device client; threaded=0; jobified=0
Direct3D:
    Version:  Direct3D 11.0 [level 11.1]
    Renderer: NVIDIA GeForce RTX 3050 6GB Laptop GPU (ID=0x25ec)
    Vendor:   NVIDIA
    VRAM:     6002 MB
    Driver:   32.0.15.7262
Initialize mono
Mono path[0] = 'D:/UnityHub/Editor/2022.3.62f1/Editor/Data/Managed'
Mono path[1] = 'D:/UnityHub/Editor/2022.3.62f1/Editor/Data/MonoBleedingEdge/lib/mono/unityjit-win32'
Mono config path = 'D:/UnityHub/Editor/2022.3.62f1/Editor/Data/MonoBleedingEdge/etc'
Using monoOptions --debugger-agent=transport=dt_socket,embedding=1,server=y,suspend=n,address=127.0.0.1:56384
Begin MonoManager ReloadAssembly
Registering precompiled unity dll's ...
Register platform support module: D:/UnityHub/Editor/2022.3.62f1/Editor/Data/PlaybackEngines/WebGLSupport/UnityEditor.WebGL.Extensions.dll
Register platform support module: D:/UnityHub/Editor/2022.3.62f1/Editor/Data/PlaybackEngines/WindowsStandaloneSupport/UnityEditor.WindowsStandalone.Extensions.dll
Registered in 0.003567 seconds.
- Loaded All Assemblies, in  0.311 seconds
Native extension for WindowsStandalone target not found
Native extension for WebGL target not found
Mono: successfully reloaded assembly
- Finished resetting the current domain, in  0.251 seconds
Domain Reload Profiling: 563ms
	BeginReloadAssembly (100ms)
		ExecutionOrderSort (0ms)
		DisableScriptedObjects (0ms)
		BackupInstance (0ms)
		ReleaseScriptingObjects (0ms)
		CreateAndSetChildDomain (1ms)
	RebuildCommonClasses (29ms)
	RebuildNativeTypeToScriptingClass (8ms)
	initialDomainReloadingComplete (45ms)
	LoadAllAssembliesAndSetupDomain (129ms)
		LoadAssemblies (99ms)
		RebuildTransferFunctionScriptingTraits (0ms)
		AnalyzeDomain (127ms)
			TypeCache.Refresh (126ms)
				TypeCache.ScanAssembly (115ms)
			ScanForSourceGeneratedMonoScriptInfo (0ms)
			ResolveRequiredComponents (0ms)
	FinalizeReload (252ms)
		ReleaseScriptCaches (0ms)
		RebuildScriptCaches (0ms)
		SetupLoadedEditorAssemblies (210ms)
			LogAssemblyErrors (0ms)
			InitializePlatformSupportModulesInManaged (10ms)
			SetLoadedEditorAssemblies (5ms)
			RefreshPlugins (0ms)
			BeforeProcessingInitializeOnLoad (2ms)
			ProcessInitializeOnLoadAttributes (151ms)
			ProcessInitializeOnLoadMethodAttributes (42ms)
			AfterProcessingInitializeOnLoad (0ms)
			EditorAssembliesLoaded (0ms)
		ExecutionOrderSort2 (0ms)
		AwakeInstancesAfterBackupRestoration (0ms)
========================================================================
Worker process is ready to serve import requests
Caller must complete domain reload
Begin MonoManager ReloadAssembly
- Loaded All Assemblies, in  0.553 seconds
Native extension for WindowsStandalone target not found
Native extension for WebGL target not found
Mono: successfully reloaded assembly
- Finished resetting the current domain, in  0.560 seconds
Domain Reload Profiling: 1113ms
	BeginReloadAssembly (127ms)
		ExecutionOrderSort (0ms)
		DisableScriptedObjects (5ms)
		BackupInstance (0ms)
		ReleaseScriptingObjects (0ms)
		CreateAndSetChildDomain (21ms)
	RebuildCommonClasses (32ms)
	RebuildNativeTypeToScriptingClass (8ms)
	initialDomainReloadingComplete (32ms)
	LoadAllAssembliesAndSetupDomain (353ms)
		LoadAssemblies (260ms)
		RebuildTransferFunctionScriptingTraits (0ms)
		AnalyzeDomain (164ms)
			TypeCache.Refresh (137ms)
				TypeCache.ScanAssembly (122ms)
			ScanForSourceGeneratedMonoScriptInfo (21ms)
			ResolveRequiredComponents (5ms)
	FinalizeReload (561ms)
		ReleaseScriptCaches (0ms)
		RebuildScriptCaches (0ms)
		SetupLoadedEditorAssemblies (426ms)
			LogAssemblyErrors (0ms)
			InitializePlatformSupportModulesInManaged (6ms)
			SetLoadedEditorAssemblies (3ms)
			RefreshPlugins (0ms)
			BeforeProcessingInitializeOnLoad (53ms)
			ProcessInitializeOnLoadAttributes (327ms)
			ProcessInitializeOnLoadMethodAttributes (36ms)
			AfterProcessingInitializeOnLoad (2ms)
			EditorAssembliesLoaded (0ms)
		ExecutionOrderSort2 (0ms)
		AwakeInstancesAfterBackupRestoration (6ms)
Launched and connected shader compiler UnityShaderCompiler.exe after 0.06 seconds
Refreshing native plugins compatible for Editor in 3.96 ms, found 4 plugins.
Preloading 0 native plugins for Editor in 0.00 ms.
Unloading 4064 Unused Serialized files (Serialized files now loaded: 0)
Unloading 32 unused Assets / (57.2 KB). Loaded Objects now: 4535.
Memory consumption went from 144.6 MB to 144.6 MB.
Total: 4.188800 ms (FindLiveObjects: 0.280400 ms CreateObjectMapping: 0.197200 ms MarkObjects: 3.557800 ms  DeleteObjects: 0.152100 ms)

AssetImportParameters requested are different than current active one (requested -> active):
  custom:container-demuxer-ogg: 62fdf1f143b41e24485cea50d1cbac27 -> 
  custom:video-codec-MediaFoundation-h265: 746d11721c4dcdbdad8f713fa42b33f4 -> 
  custom:video-decoder-ogg-theora: a1e56fd34408186e4bbccfd4996cb3dc -> 
  custom:framework-win-MediaFoundation: 216162199b28c13a410421893ffa2e32 -> 
  custom:CustomObjectIndexerAttribute: 9a22284fe3817be447336de3de66b15e -> 
  custom:container-demuxer-webm: 4f35f7cbe854078d1ac9338744f61a02 -> 
  custom:container-muxer-webm: aa71ff27fc2769a1b78a27578f13a17b -> 
  custom:video-decoder-webm-vp8: 9c59270c3fd7afecdb556c50c9e8de78 -> 
  custom:SearchIndexIgnoredProperties: e643bd26f0fe6173181afceb89e7c659 -> 
  custom:AudioImporter_EditorPlatform: d09bf68614088b80899f8185d706f6e7 -> 
  custom:video-encoder-webm-vp8: eb34c28f22e8b96e1ab97ce403110664 -> 
  custom:audio-decoder-ogg-vorbis: bf7c407c2cedff20999df2af8eb42d56 -> 
  custom:audio-encoder-webm-vorbis: bf7c407c2cedff20999df2af8eb42d56 -> 
========================================================================
Received Import Request.
  Time since last request: 74489.673584 seconds.
  path: Assets/Sound/Follow The Light Edit 1 Export 1.mp3
  artifactKey: Guid(d48f719ff08485e40befac5328e237b4) Importer(815301076,1909f56bfc062723c751e8b465ee728b)
Start importing Assets/Sound/Follow The Light Edit 1 Export 1.mp3 using Guid(d48f719ff08485e40befac5328e237b4) Importer(815301076,1909f56bfc062723c751e8b465ee728b) [PhysX] Initialized MultithreadedTaskDispatcher with 12 workers.
[PhysX] Initialized MultithreadedTaskDispatcher with 12 workers.
 -> (artifact id: 'f741623c4208ec994a402fa398b3c243') in 0.117526 seconds
Number of updated asset objects reloaded before import = 0
Number of asset objects unloaded after import = 2
========================================================================
Received Import Request.
  Time since last request: 0.765204 seconds.
  path: Assets/Sound/kenney_ui-audio (1)/Preview.ogg
  artifactKey: Guid(829e266855cce1c46a0dc47e289b805a) Importer(815301076,1909f56bfc062723c751e8b465ee728b)
Start importing Assets/Sound/kenney_ui-audio (1)/Preview.ogg using Guid(829e266855cce1c46a0dc47e289b805a) Importer(815301076,1909f56bfc062723c751e8b465ee728b) [PhysX] Initialized MultithreadedTaskDispatcher with 12 workers.
[PhysX] Initialized MultithreadedTaskDispatcher with 12 workers.
 -> (artifact id: '0c719b996d04f1ea1a5e72adc3a0905f') in 0.027692 seconds
Number of updated asset objects reloaded before import = 0
Number of asset objects unloaded after import = 2
========================================================================
Received Import Request.
  Time since last request: 0.765603 seconds.
  path: Assets/Sound/kenney_ui-audio (1)/Audio/click1.ogg
  artifactKey: Guid(5d38eca7ab4a1ac4499cc0e290ead73f) Importer(815301076,1909f56bfc062723c751e8b465ee728b)
Start importing Assets/Sound/kenney_ui-audio (1)/Audio/click1.ogg using Guid(5d38eca7ab4a1ac4499cc0e290ead73f) Importer(815301076,1909f56bfc062723c751e8b465ee728b) [PhysX] Initialized MultithreadedTaskDispatcher with 12 workers.
[PhysX] Initialized MultithreadedTaskDispatcher with 12 workers.
 -> (artifact id: '60b7ea2d102d931f3276d223969e4aaa') in 0.025394 seconds
Number of updated asset objects reloaded before import = 0
Number of asset objects unloaded after import = 2
========================================================================
Received Import Request.
  Time since last request: 0.000141 seconds.
  path: Assets/Sound/kenney_ui-audio (1)/Audio/switch17.ogg
  artifactKey: Guid(e074dc4daf46d204c9d003d56177f7e2) Importer(815301076,1909f56bfc062723c751e8b465ee728b)
Start importing Assets/Sound/kenney_ui-audio (1)/Audio/switch17.ogg using Guid(e074dc4daf46d204c9d003d56177f7e2) Importer(815301076,1909f56bfc062723c751e8b465ee728b) [PhysX] Initialized MultithreadedTaskDispatcher with 12 workers.
[PhysX] Initialized MultithreadedTaskDispatcher with 12 workers.
 -> (artifact id: 'b1d5420b083be35b5adeb65e7cb2be83') in 0.026836 seconds
Number of updated asset objects reloaded before import = 0
Number of asset objects unloaded after import = 2
========================================================================
Received Import Request.
  Time since last request: 0.000020 seconds.
  path: Assets/Sound/kenney_ui-audio (1)/Audio/switch18.ogg
  artifactKey: Guid(c634a422302a47645bc5206b79aff6ed) Importer(815301076,1909f56bfc062723c751e8b465ee728b)
Start importing Assets/Sound/kenney_ui-audio (1)/Audio/switch18.ogg using Guid(c634a422302a47645bc5206b79aff6ed) Importer(815301076,1909f56bfc062723c751e8b465ee728b) [PhysX] Initialized MultithreadedTaskDispatcher with 12 workers.
[PhysX] Initialized MultithreadedTaskDispatcher with 12 workers.
 -> (artifact id: 'ef09e41a86f85640d5380d494d6a867b') in 0.026232 seconds
Number of updated asset objects reloaded before import = 0
Number of asset objects unloaded after import = 2
========================================================================
Received Import Request.
  Time since last request: 0.000039 seconds.
  path: Assets/Sound/kenney_ui-audio (1)/Audio/rollover5.ogg
  artifactKey: Guid(ec8849ae3cb3b524a9486c7e28163818) Importer(815301076,1909f56bfc062723c751e8b465ee728b)
Start importing Assets/Sound/kenney_ui-audio (1)/Audio/rollover5.ogg using Guid(ec8849ae3cb3b524a9486c7e28163818) Importer(815301076,1909f56bfc062723c751e8b465ee728b) [PhysX] Initialized MultithreadedTaskDispatcher with 12 workers.
[PhysX] Initialized MultithreadedTaskDispatcher with 12 workers.
 -> (artifact id: '68d6f0e973b56f987df4c61a668b3c5e') in 0.023008 seconds
Number of updated asset objects reloaded before import = 0
Number of asset objects unloaded after import = 2
========================================================================
Received Import Request.
  Time since last request: 0.000028 seconds.
  path: Assets/Sound/kenney_ui-audio (1)/Audio/rollover4.ogg
  artifactKey: Guid(940e8833a49639948a7438a30e364396) Importer(815301076,1909f56bfc062723c751e8b465ee728b)
Start importing Assets/Sound/kenney_ui-audio (1)/Audio/rollover4.ogg using Guid(940e8833a49639948a7438a30e364396) Importer(815301076,1909f56bfc062723c751e8b465ee728b) [PhysX] Initialized MultithreadedTaskDispatcher with 12 workers.
[PhysX] Initialized MultithreadedTaskDispatcher with 12 workers.
 -> (artifact id: '68e94deaa087ecb84866d9341dee7c96') in 0.022112 seconds
Number of updated asset objects reloaded before import = 0
Number of asset objects unloaded after import = 2
========================================================================
Received Import Request.
  Time since last request: 0.000038 seconds.
  path: Assets/Sound/kenney_ui-audio (1)/Audio/rollover6.ogg
  artifactKey: Guid(d682e3fc6d93a5144908dac867ce97b3) Importer(815301076,1909f56bfc062723c751e8b465ee728b)
Start importing Assets/Sound/kenney_ui-audio (1)/Audio/rollover6.ogg using Guid(d682e3fc6d93a5144908dac867ce97b3) Importer(815301076,1909f56bfc062723c751e8b465ee728b) [PhysX] Initialized MultithreadedTaskDispatcher with 12 workers.
[PhysX] Initialized MultithreadedTaskDispatcher with 12 workers.
 -> (artifact id: '4f8106a815c5883d436f0e895dbd6916') in 0.023348 seconds
Number of updated asset objects reloaded before import = 0
Number of asset objects unloaded after import = 2
========================================================================
Received Import Request.
  Time since last request: 0.000026 seconds.
  path: Assets/Sound/kenney_ui-audio (1)/Audio/switch9.ogg
  artifactKey: Guid(a554dd971f2e2ed4f94d883dc9920856) Importer(815301076,1909f56bfc062723c751e8b465ee728b)
Start importing Assets/Sound/kenney_ui-audio (1)/Audio/switch9.ogg using Guid(a554dd971f2e2ed4f94d883dc9920856) Importer(815301076,1909f56bfc062723c751e8b465ee728b) [PhysX] Initialized MultithreadedTaskDispatcher with 12 workers.
[PhysX] Initialized MultithreadedTaskDispatcher with 12 workers.
 -> (artifact id: '5c2e733b22050dd2d138720703074c82') in 0.024213 seconds
Number of updated asset objects reloaded before import = 0
Number of asset objects unloaded after import = 2
========================================================================
Received Import Request.
  Time since last request: 0.000021 seconds.
  path: Assets/Sound/kenney_ui-audio (1)/Audio/click4.ogg
  artifactKey: Guid(7dd17172f43eb3e4e881489fa2c4529a) Importer(815301076,1909f56bfc062723c751e8b465ee728b)
Start importing Assets/Sound/kenney_ui-audio (1)/Audio/click4.ogg using Guid(7dd17172f43eb3e4e881489fa2c4529a) Importer(815301076,1909f56bfc062723c751e8b465ee728b) [PhysX] Initialized MultithreadedTaskDispatcher with 12 workers.
[PhysX] Initialized MultithreadedTaskDispatcher with 12 workers.
 -> (artifact id: '02e34f51b3149fe6972fb2c315dbb145') in 0.022395 seconds
Number of updated asset objects reloaded before import = 0
Number of asset objects unloaded after import = 2
========================================================================
Received Import Request.
  Time since last request: 0.000022 seconds.
  path: Assets/Sound/kenney_ui-audio (1)/Audio/switch19.ogg
  artifactKey: Guid(e4345023330ee2441a147818cc98e28c) Importer(815301076,1909f56bfc062723c751e8b465ee728b)
Start importing Assets/Sound/kenney_ui-audio (1)/Audio/switch19.ogg using Guid(e4345023330ee2441a147818cc98e28c) Importer(815301076,1909f56bfc062723c751e8b465ee728b) [PhysX] Initialized MultithreadedTaskDispatcher with 12 workers.
[PhysX] Initialized MultithreadedTaskDispatcher with 12 workers.
 -> (artifact id: '85b1d42e6450a2b09f3b34559e6ca602') in 0.019918 seconds
Number of updated asset objects reloaded before import = 0
Number of asset objects unloaded after import = 2
========================================================================
Received Import Request.
  Time since last request: 0.000021 seconds.
  path: Assets/Sound/kenney_ui-audio (1)/Audio/rollover2.ogg
  artifactKey: Guid(444a7fca6705a8046a14efb801106835) Importer(815301076,1909f56bfc062723c751e8b465ee728b)
Start importing Assets/Sound/kenney_ui-audio (1)/Audio/rollover2.ogg using Guid(444a7fca6705a8046a14efb801106835) Importer(815301076,1909f56bfc062723c751e8b465ee728b) [PhysX] Initialized MultithreadedTaskDispatcher with 12 workers.
[PhysX] Initialized MultithreadedTaskDispatcher with 12 workers.
 -> (artifact id: '3a4b8f0d564139600fa12ba892f65e1b') in 0.025013 seconds
Number of updated asset objects reloaded before import = 0
Number of asset objects unloaded after import = 2
========================================================================
Received Import Request.
  Time since last request: 0.000016 seconds.
  path: Assets/Sound/kenney_ui-audio (1)/Audio/switch5.ogg
  artifactKey: Guid(d7df2419dad8f9a4bb80891621d4e4ba) Importer(815301076,1909f56bfc062723c751e8b465ee728b)
Start importing Assets/Sound/kenney_ui-audio (1)/Audio/switch5.ogg using Guid(d7df2419dad8f9a4bb80891621d4e4ba) Importer(815301076,1909f56bfc062723c751e8b465ee728b) [PhysX] Initialized MultithreadedTaskDispatcher with 12 workers.
[PhysX] Initialized MultithreadedTaskDispatcher with 12 workers.
 -> (artifact id: 'cd314236a6fd411f657df06eaaa8308d') in 0.022933 seconds
Number of updated asset objects reloaded before import = 0
Number of asset objects unloaded after import = 2
========================================================================
Received Import Request.
  Time since last request: 0.000027 seconds.
  path: Assets/Sound/kenney_ui-audio (1)/Audio/switch8.ogg
  artifactKey: Guid(a619fdbfe8f447d4c814941f9cbbf4fc) Importer(815301076,1909f56bfc062723c751e8b465ee728b)
Start importing Assets/Sound/kenney_ui-audio (1)/Audio/switch8.ogg using Guid(a619fdbfe8f447d4c814941f9cbbf4fc) Importer(815301076,1909f56bfc062723c751e8b465ee728b) [PhysX] Initialized MultithreadedTaskDispatcher with 12 workers.
[PhysX] Initialized MultithreadedTaskDispatcher with 12 workers.
 -> (artifact id: '3ad1ff4591b885b56bbacb89336e95da') in 0.019807 seconds
Number of updated asset objects reloaded before import = 0
Number of asset objects unloaded after import = 2
========================================================================
Received Import Request.
  Time since last request: 0.000029 seconds.
  path: Assets/Sound/kenney_ui-audio (1)/Audio/click5.ogg
  artifactKey: Guid(8e53ab2dfc6eccb49b4542a870c29621) Importer(815301076,1909f56bfc062723c751e8b465ee728b)
Start importing Assets/Sound/kenney_ui-audio (1)/Audio/click5.ogg using Guid(8e53ab2dfc6eccb49b4542a870c29621) Importer(815301076,1909f56bfc062723c751e8b465ee728b) [PhysX] Initialized MultithreadedTaskDispatcher with 12 workers.
[PhysX] Initialized MultithreadedTaskDispatcher with 12 workers.
 -> (artifact id: '82b06a4c3d7d17126188022c98d0da67') in 0.020116 seconds
Number of updated asset objects reloaded before import = 0
Number of asset objects unloaded after import = 2
========================================================================
Received Import Request.
  Time since last request: 0.000037 seconds.
  path: Assets/Sound/kenney_ui-audio (1)/Audio/switch10.ogg
  artifactKey: Guid(2085df394340b064a90b62fc272e7e58) Importer(815301076,1909f56bfc062723c751e8b465ee728b)
Start importing Assets/Sound/kenney_ui-audio (1)/Audio/switch10.ogg using Guid(2085df394340b064a90b62fc272e7e58) Importer(815301076,1909f56bfc062723c751e8b465ee728b) [PhysX] Initialized MultithreadedTaskDispatcher with 12 workers.
[PhysX] Initialized MultithreadedTaskDispatcher with 12 workers.
 -> (artifact id: 'c4e1146c12554a7b010d92e118eb32f6') in 0.021342 seconds
Number of updated asset objects reloaded before import = 0
Number of asset objects unloaded after import = 2
========================================================================
Received Import Request.
  Time since last request: 0.000047 seconds.
  path: Assets/Sound/kenney_ui-audio (1)/Audio/switch2.ogg
  artifactKey: Guid(e69ff7be129bc5d4e83bf4f55330143e) Importer(815301076,1909f56bfc062723c751e8b465ee728b)
Start importing Assets/Sound/kenney_ui-audio (1)/Audio/switch2.ogg using Guid(e69ff7be129bc5d4e83bf4f55330143e) Importer(815301076,1909f56bfc062723c751e8b465ee728b) [PhysX] Initialized MultithreadedTaskDispatcher with 12 workers.
[PhysX] Initialized MultithreadedTaskDispatcher with 12 workers.
 -> (artifact id: '938f94ac8b5144aecd83fa3b2b4cfa66') in 0.018273 seconds
Number of updated asset objects reloaded before import = 0
Number of asset objects unloaded after import = 2
========================================================================
Received Import Request.
  Time since last request: 0.000029 seconds.
  path: Assets/Sound/kenney_ui-audio (1)/Audio/switch21.ogg
  artifactKey: Guid(5a0abe08640c3c740a80a5e4607cb351) Importer(815301076,1909f56bfc062723c751e8b465ee728b)
Start importing Assets/Sound/kenney_ui-audio (1)/Audio/switch21.ogg using Guid(5a0abe08640c3c740a80a5e4607cb351) Importer(815301076,1909f56bfc062723c751e8b465ee728b) [PhysX] Initialized MultithreadedTaskDispatcher with 12 workers.
[PhysX] Initialized MultithreadedTaskDispatcher with 12 workers.
 -> (artifact id: '802fa44812ca1174619d193592379e8a') in 0.025003 seconds
Number of updated asset objects reloaded before import = 0
Number of asset objects unloaded after import = 2
========================================================================
Received Import Request.
  Time since last request: 0.000020 seconds.
  path: Assets/Sound/kenney_ui-audio (1)/Audio/rollover1.ogg
  artifactKey: Guid(42fb2d54bc27cfc4fac7baa3660c9f97) Importer(815301076,1909f56bfc062723c751e8b465ee728b)
Start importing Assets/Sound/kenney_ui-audio (1)/Audio/rollover1.ogg using Guid(42fb2d54bc27cfc4fac7baa3660c9f97) Importer(815301076,1909f56bfc062723c751e8b465ee728b) [PhysX] Initialized MultithreadedTaskDispatcher with 12 workers.
[PhysX] Initialized MultithreadedTaskDispatcher with 12 workers.
 -> (artifact id: 'fc1241ae197c73ebe73b134998cf8ee8') in 0.022040 seconds
Number of updated asset objects reloaded before import = 0
Number of asset objects unloaded after import = 2
========================================================================
Received Import Request.
  Time since last request: 0.474871 seconds.
  path: Assets/Sound/kenney_ui-audio (1)/Audio/switch22.ogg
  artifactKey: Guid(7dcf9dc5ebb92904a98f0ea46f804708) Importer(815301076,1909f56bfc062723c751e8b465ee728b)
Start importing Assets/Sound/kenney_ui-audio (1)/Audio/switch22.ogg using Guid(7dcf9dc5ebb92904a98f0ea46f804708) Importer(815301076,1909f56bfc062723c751e8b465ee728b) [PhysX] Initialized MultithreadedTaskDispatcher with 12 workers.
[PhysX] Initialized MultithreadedTaskDispatcher with 12 workers.
 -> (artifact id: '496e1dc5afe5675249ca56e147566521') in 0.022427 seconds
Number of updated asset objects reloaded before import = 0
Number of asset objects unloaded after import = 2
========================================================================
Received Import Request.
  Time since last request: 0.000024 seconds.
  path: Assets/Sound/kenney_ui-audio (1)/Audio/switch28.ogg
  artifactKey: Guid(f591c1a1428ac6140b3191a8bda18e7d) Importer(815301076,1909f56bfc062723c751e8b465ee728b)
Start importing Assets/Sound/kenney_ui-audio (1)/Audio/switch28.ogg using Guid(f591c1a1428ac6140b3191a8bda18e7d) Importer(815301076,1909f56bfc062723c751e8b465ee728b) [PhysX] Initialized MultithreadedTaskDispatcher with 12 workers.
[PhysX] Initialized MultithreadedTaskDispatcher with 12 workers.
 -> (artifact id: '6909872e8b8286236172b6ac72c171d9') in 0.021405 seconds
Number of updated asset objects reloaded before import = 0
Number of asset objects unloaded after import = 2
========================================================================
Received Import Request.
  Time since last request: 0.000044 seconds.
  path: Assets/Sound/kenney_ui-audio (1)/Audio/switch32.ogg
  artifactKey: Guid(88ffbfe18385b9345b4a1d31bb9c9e81) Importer(815301076,1909f56bfc062723c751e8b465ee728b)
Start importing Assets/Sound/kenney_ui-audio (1)/Audio/switch32.ogg using Guid(88ffbfe18385b9345b4a1d31bb9c9e81) Importer(815301076,1909f56bfc062723c751e8b465ee728b) [PhysX] Initialized MultithreadedTaskDispatcher with 12 workers.
[PhysX] Initialized MultithreadedTaskDispatcher with 12 workers.
 -> (artifact id: 'd33d0c37ba361ad6ed542be11c7462c3') in 0.019139 seconds
Number of updated asset objects reloaded before import = 0
Number of asset objects unloaded after import = 2
========================================================================
Received Import Request.
  Time since last request: 0.000018 seconds.
  path: Assets/Sound/kenney_ui-audio (1)/Audio/switch29.ogg
  artifactKey: Guid(27b790abf8b04f948bd4604bf03a95f9) Importer(815301076,1909f56bfc062723c751e8b465ee728b)
Start importing Assets/Sound/kenney_ui-audio (1)/Audio/switch29.ogg using Guid(27b790abf8b04f948bd4604bf03a95f9) Importer(815301076,1909f56bfc062723c751e8b465ee728b) [PhysX] Initialized MultithreadedTaskDispatcher with 12 workers.
[PhysX] Initialized MultithreadedTaskDispatcher with 12 workers.
 -> (artifact id: '0486885f3a44f79682dffa8ec3e355c0') in 0.021407 seconds
Number of updated asset objects reloaded before import = 0
Number of asset objects unloaded after import = 2
========================================================================
Received Import Request.
  Time since last request: 0.000043 seconds.
  path: Assets/Sound/kenney_ui-audio (1)/Audio/switch34.ogg
  artifactKey: Guid(214c87d788f97d349931288294788cb3) Importer(815301076,1909f56bfc062723c751e8b465ee728b)
Start importing Assets/Sound/kenney_ui-audio (1)/Audio/switch34.ogg using Guid(214c87d788f97d349931288294788cb3) Importer(815301076,1909f56bfc062723c751e8b465ee728b) [PhysX] Initialized MultithreadedTaskDispatcher with 12 workers.
[PhysX] Initialized MultithreadedTaskDispatcher with 12 workers.
 -> (artifact id: '92da36f73ed42974cd7d7efd7bce40b6') in 0.018340 seconds
Number of updated asset objects reloaded before import = 0
Number of asset objects unloaded after import = 2
========================================================================
Received Import Request.
  Time since last request: 0.000060 seconds.
  path: Assets/Sound/kenney_ui-audio (1)/Audio/switch37.ogg
  artifactKey: Guid(180c0f248f19bc34aa3e7b7cd73f7dec) Importer(815301076,1909f56bfc062723c751e8b465ee728b)
Start importing Assets/Sound/kenney_ui-audio (1)/Audio/switch37.ogg using Guid(180c0f248f19bc34aa3e7b7cd73f7dec) Importer(815301076,1909f56bfc062723c751e8b465ee728b) [PhysX] Initialized MultithreadedTaskDispatcher with 12 workers.
[PhysX] Initialized MultithreadedTaskDispatcher with 12 workers.
 -> (artifact id: '4c51d0851a08702e5165fb17e05fb0de') in 0.018714 seconds
Number of updated asset objects reloaded before import = 0
Number of asset objects unloaded after import = 2
========================================================================
Received Import Request.
  Time since last request: 0.000060 seconds.
  path: Assets/Sound/kenney_ui-audio (1)/Audio/switch38.ogg
  artifactKey: Guid(4935b1f1888b6d643afefbe9dc02e058) Importer(815301076,1909f56bfc062723c751e8b465ee728b)
Start importing Assets/Sound/kenney_ui-audio (1)/Audio/switch38.ogg using Guid(4935b1f1888b6d643afefbe9dc02e058) Importer(815301076,1909f56bfc062723c751e8b465ee728b) [PhysX] Initialized MultithreadedTaskDispatcher with 12 workers.
[PhysX] Initialized MultithreadedTaskDispatcher with 12 workers.
 -> (artifact id: 'ce1756cbc6850ef1c428467b53d1d44a') in 0.018067 seconds
Number of updated asset objects reloaded before import = 0
Number of asset objects unloaded after import = 2
========================================================================
Received Import Request.
  Time since last request: 0.000018 seconds.
  path: Assets/Sound/kenney_ui-audio (1)/Audio/switch27.ogg
  artifactKey: Guid(7c4ad05edc7b69048a9094b9e2a636ff) Importer(815301076,1909f56bfc062723c751e8b465ee728b)
Start importing Assets/Sound/kenney_ui-audio (1)/Audio/switch27.ogg using Guid(7c4ad05edc7b69048a9094b9e2a636ff) Importer(815301076,1909f56bfc062723c751e8b465ee728b) [PhysX] Initialized MultithreadedTaskDispatcher with 12 workers.
[PhysX] Initialized MultithreadedTaskDispatcher with 12 workers.
 -> (artifact id: '8d4babd07e4ef7029a4651653f37bb22') in 0.017609 seconds
Number of updated asset objects reloaded before import = 0
Number of asset objects unloaded after import = 2
========================================================================
Received Import Request.
  Time since last request: 0.000030 seconds.
  path: Assets/Sound/kenney_ui-audio (1)/Audio/switch24.ogg
  artifactKey: Guid(42b8db77f72ae554297c6b44b46e1cfa) Importer(815301076,1909f56bfc062723c751e8b465ee728b)
Start importing Assets/Sound/kenney_ui-audio (1)/Audio/switch24.ogg using Guid(42b8db77f72ae554297c6b44b46e1cfa) Importer(815301076,1909f56bfc062723c751e8b465ee728b) [PhysX] Initialized MultithreadedTaskDispatcher with 12 workers.
[PhysX] Initialized MultithreadedTaskDispatcher with 12 workers.
 -> (artifact id: '5ed11d09558ae445998427ffe09ab864') in 0.020357 seconds
Number of updated asset objects reloaded before import = 0
Number of asset objects unloaded after import = 2
Editor requested this worker to shutdown with reason: Scaling down because of idle timeout
TcpMessagingSession - receive error: operation aborted. errorcode: 995, details: The I/O operation has been aborted because of either a thread exit or an application request.
AssetImportWorker is now disconnected from the server
Process exiting
Exiting without the bug reporter. Application will terminate with return code 0