Using pre-set license
Built from '2022.3/staging' branch; Version is '2022.3.62f1 (4af31df58517) revision 4911901'; Using compiler version '192829333'; Build Type 'Release'
OS: 'Windows 11  (10.0.26100) 64bit Core' Language: 'uk' Physical Memory: 24283 MB
BatchMode: 1, IsHumanControllingUs: 0, StartBugReporterOnCrash: 0, Is64bit: 1, IsPro: 1

COMMAND LINE ARGUMENTS:
D:\UnityHub\Editor\2022.3.62f1\Editor\Unity.exe
-adb2
-batchMode
-noUpm
-name
AssetImportWorker7
-projectPath
D:/Space-microgame/Space-microgame
-logFile
Logs/AssetImportWorker7.log
-srvPort
60999
Successfully changed project path to: D:/Space-microgame/Space-microgame
D:/Space-microgame/Space-microgame
[UnityMemory] Configuration Parameters - Can be set up in boot.config
    "memorysetup-bucket-allocator-granularity=16"
    "memorysetup-bucket-allocator-bucket-count=8"
    "memorysetup-bucket-allocator-block-size=33554432"
    "memorysetup-bucket-allocator-block-count=8"
    "memorysetup-main-allocator-block-size=16777216"
    "memorysetup-thread-allocator-block-size=16777216"
    "memorysetup-gfx-main-allocator-block-size=16777216"
    "memorysetup-gfx-thread-allocator-block-size=16777216"
    "memorysetup-cache-allocator-block-size=4194304"
    "memorysetup-typetree-allocator-block-size=2097152"
    "memorysetup-profiler-bucket-allocator-granularity=16"
    "memorysetup-profiler-bucket-allocator-bucket-count=8"
    "memorysetup-profiler-bucket-allocator-block-size=33554432"
    "memorysetup-profiler-bucket-allocator-block-count=8"
    "memorysetup-profiler-allocator-block-size=16777216"
    "memorysetup-profiler-editor-allocator-block-size=1048576"
    "memorysetup-temp-allocator-size-main=16777216"
    "memorysetup-job-temp-allocator-block-size=2097152"
    "memorysetup-job-temp-allocator-block-size-background=1048576"
    "memorysetup-job-temp-allocator-reduction-small-platforms=262144"
    "memorysetup-allocator-temp-initial-block-size-main=262144"
    "memorysetup-allocator-temp-initial-block-size-worker=262144"
    "memorysetup-temp-allocator-size-background-worker=32768"
    "memorysetup-temp-allocator-size-job-worker=262144"
    "memorysetup-temp-allocator-size-preload-manager=33554432"
    "memorysetup-temp-allocator-size-nav-mesh-worker=65536"
    "memorysetup-temp-allocator-size-audio-worker=65536"
    "memorysetup-temp-allocator-size-cloud-worker=32768"
    "memorysetup-temp-allocator-size-gi-baking-worker=262144"
    "memorysetup-temp-allocator-size-gfx=262144"
Player connection [35800]  Target information:

Player connection [35800]  * "[IP] 192.168.1.106 [Port] 0 [Flags] 2 [Guid] 1139653351 [EditorId] 1139653351 [Version] 1048832 [Id] WindowsEditor(7,DESKTOP-BRNFHF2) [Debug] 1 [PackageName] WindowsEditor [ProjectName] Editor" 

Player connection [35800] Host joined multi-casting on [225.0.0.222:54997]...
Player connection [35800] Host joined alternative multi-casting on [225.0.0.222:34997]...
Input System module state changed to: Initialized.
[PhysX] Initialized MultithreadedTaskDispatcher with 12 workers.
Refreshing native plugins compatible for Editor in 12.08 ms, found 4 plugins.
Preloading 0 native plugins for Editor in 0.00 ms.
Initialize engine version: 2022.3.62f1 (4af31df58517)
[Subsystems] Discovering subsystems at path D:/UnityHub/Editor/2022.3.62f1/Editor/Data/Resources/UnitySubsystems
[Subsystems] Discovering subsystems at path D:/Space-microgame/Space-microgame/Assets
GfxDevice: creating device client; threaded=0; jobified=0
Direct3D:
    Version:  Direct3D 11.0 [level 11.1]
    Renderer: NVIDIA GeForce RTX 3050 6GB Laptop GPU (ID=0x25ec)
    Vendor:   NVIDIA
    VRAM:     6002 MB
    Driver:   32.0.15.7262
Initialize mono
Mono path[0] = 'D:/UnityHub/Editor/2022.3.62f1/Editor/Data/Managed'
Mono path[1] = 'D:/UnityHub/Editor/2022.3.62f1/Editor/Data/MonoBleedingEdge/lib/mono/unityjit-win32'
Mono config path = 'D:/UnityHub/Editor/2022.3.62f1/Editor/Data/MonoBleedingEdge/etc'
Using monoOptions --debugger-agent=transport=dt_socket,embedding=1,server=y,suspend=n,address=127.0.0.1:56104
Begin MonoManager ReloadAssembly
Registering precompiled unity dll's ...
Register platform support module: D:/UnityHub/Editor/2022.3.62f1/Editor/Data/PlaybackEngines/WebGLSupport/UnityEditor.WebGL.Extensions.dll
Register platform support module: D:/UnityHub/Editor/2022.3.62f1/Editor/Data/PlaybackEngines/WindowsStandaloneSupport/UnityEditor.WindowsStandalone.Extensions.dll
Registered in 0.003210 seconds.
- Loaded All Assemblies, in  0.306 seconds
Native extension for WindowsStandalone target not found
Native extension for WebGL target not found
Mono: successfully reloaded assembly
- Finished resetting the current domain, in  0.250 seconds
Domain Reload Profiling: 557ms
	BeginReloadAssembly (97ms)
		ExecutionOrderSort (0ms)
		DisableScriptedObjects (0ms)
		BackupInstance (0ms)
		ReleaseScriptingObjects (0ms)
		CreateAndSetChildDomain (1ms)
	RebuildCommonClasses (29ms)
	RebuildNativeTypeToScriptingClass (8ms)
	initialDomainReloadingComplete (45ms)
	LoadAllAssembliesAndSetupDomain (127ms)
		LoadAssemblies (96ms)
		RebuildTransferFunctionScriptingTraits (0ms)
		AnalyzeDomain (125ms)
			TypeCache.Refresh (124ms)
				TypeCache.ScanAssembly (113ms)
			ScanForSourceGeneratedMonoScriptInfo (0ms)
			ResolveRequiredComponents (0ms)
	FinalizeReload (250ms)
		ReleaseScriptCaches (0ms)
		RebuildScriptCaches (0ms)
		SetupLoadedEditorAssemblies (209ms)
			LogAssemblyErrors (0ms)
			InitializePlatformSupportModulesInManaged (9ms)
			SetLoadedEditorAssemblies (6ms)
			RefreshPlugins (0ms)
			BeforeProcessingInitializeOnLoad (2ms)
			ProcessInitializeOnLoadAttributes (150ms)
			ProcessInitializeOnLoadMethodAttributes (42ms)
			AfterProcessingInitializeOnLoad (0ms)
			EditorAssembliesLoaded (0ms)
		ExecutionOrderSort2 (0ms)
		AwakeInstancesAfterBackupRestoration (0ms)
========================================================================
Worker process is ready to serve import requests
Caller must complete domain reload
Begin MonoManager ReloadAssembly
- Loaded All Assemblies, in  0.559 seconds
Native extension for WindowsStandalone target not found
Native extension for WebGL target not found
Mono: successfully reloaded assembly
- Finished resetting the current domain, in  0.554 seconds
Domain Reload Profiling: 1114ms
	BeginReloadAssembly (126ms)
		ExecutionOrderSort (0ms)
		DisableScriptedObjects (5ms)
		BackupInstance (0ms)
		ReleaseScriptingObjects (0ms)
		CreateAndSetChildDomain (21ms)
	RebuildCommonClasses (31ms)
	RebuildNativeTypeToScriptingClass (9ms)
	initialDomainReloadingComplete (32ms)
	LoadAllAssembliesAndSetupDomain (361ms)
		LoadAssemblies (261ms)
		RebuildTransferFunctionScriptingTraits (0ms)
		AnalyzeDomain (170ms)
			TypeCache.Refresh (142ms)
				TypeCache.ScanAssembly (126ms)
			ScanForSourceGeneratedMonoScriptInfo (22ms)
			ResolveRequiredComponents (5ms)
	FinalizeReload (554ms)
		ReleaseScriptCaches (0ms)
		RebuildScriptCaches (0ms)
		SetupLoadedEditorAssemblies (419ms)
			LogAssemblyErrors (0ms)
			InitializePlatformSupportModulesInManaged (5ms)
			SetLoadedEditorAssemblies (3ms)
			RefreshPlugins (0ms)
			BeforeProcessingInitializeOnLoad (53ms)
			ProcessInitializeOnLoadAttributes (321ms)
			ProcessInitializeOnLoadMethodAttributes (35ms)
			AfterProcessingInitializeOnLoad (2ms)
			EditorAssembliesLoaded (0ms)
		ExecutionOrderSort2 (0ms)
		AwakeInstancesAfterBackupRestoration (6ms)
Launched and connected shader compiler UnityShaderCompiler.exe after 0.05 seconds
Refreshing native plugins compatible for Editor in 3.19 ms, found 4 plugins.
Preloading 0 native plugins for Editor in 0.00 ms.
Unloading 4064 Unused Serialized files (Serialized files now loaded: 0)
Unloading 32 unused Assets / (57.2 KB). Loaded Objects now: 4535.
Memory consumption went from 144.7 MB to 144.6 MB.
Total: 5.258400 ms (FindLiveObjects: 0.356600 ms CreateObjectMapping: 0.219200 ms MarkObjects: 4.263500 ms  DeleteObjects: 0.417300 ms)

AssetImportParameters requested are different than current active one (requested -> active):
  custom:container-demuxer-ogg: 62fdf1f143b41e24485cea50d1cbac27 -> 
  custom:video-codec-MediaFoundation-h265: 746d11721c4dcdbdad8f713fa42b33f4 -> 
  custom:video-decoder-ogg-theora: a1e56fd34408186e4bbccfd4996cb3dc -> 
  custom:framework-win-MediaFoundation: 216162199b28c13a410421893ffa2e32 -> 
  custom:CustomObjectIndexerAttribute: 9a22284fe3817be447336de3de66b15e -> 
  custom:container-demuxer-webm: 4f35f7cbe854078d1ac9338744f61a02 -> 
  custom:container-muxer-webm: aa71ff27fc2769a1b78a27578f13a17b -> 
  custom:video-decoder-webm-vp8: 9c59270c3fd7afecdb556c50c9e8de78 -> 
  custom:SearchIndexIgnoredProperties: e643bd26f0fe6173181afceb89e7c659 -> 
  custom:AudioImporter_EditorPlatform: d09bf68614088b80899f8185d706f6e7 -> 
  custom:video-encoder-webm-vp8: eb34c28f22e8b96e1ab97ce403110664 -> 
  custom:audio-decoder-ogg-vorbis: bf7c407c2cedff20999df2af8eb42d56 -> 
  custom:audio-encoder-webm-vorbis: bf7c407c2cedff20999df2af8eb42d56 -> 
========================================================================
Received Import Request.
  Time since last request: 74489.674057 seconds.
  path: Assets/Sound/GameMusic Demos 2 - Underwater Town.mp3
  artifactKey: Guid(c5cd4d7fdf7feca408cf8ba3255c94fc) Importer(815301076,1909f56bfc062723c751e8b465ee728b)
Start importing Assets/Sound/GameMusic Demos 2 - Underwater Town.mp3 using Guid(c5cd4d7fdf7feca408cf8ba3255c94fc) Importer(815301076,1909f56bfc062723c751e8b465ee728b) [PhysX] Initialized MultithreadedTaskDispatcher with 12 workers.
[PhysX] Initialized MultithreadedTaskDispatcher with 12 workers.
 -> (artifact id: 'c0b71b38fda15a530cc673263289b49e') in 0.117556 seconds
Number of updated asset objects reloaded before import = 0
Number of asset objects unloaded after import = 2
========================================================================
Received Import Request.
  Time since last request: 0.000037 seconds.
  path: Assets/Sound/GameMusic Demos 3 - Underground King.mp3
  artifactKey: Guid(da537bbe6b9ebe24faa2ec8a4c1efc17) Importer(815301076,1909f56bfc062723c751e8b465ee728b)
Start importing Assets/Sound/GameMusic Demos 3 - Underground King.mp3 using Guid(da537bbe6b9ebe24faa2ec8a4c1efc17) Importer(815301076,1909f56bfc062723c751e8b465ee728b) [PhysX] Initialized MultithreadedTaskDispatcher with 12 workers.
[PhysX] Initialized MultithreadedTaskDispatcher with 12 workers.
 -> (artifact id: '3c44ab8571a74fedde6e5a95ae7b5fbe') in 0.020043 seconds
Number of updated asset objects reloaded before import = 0
Number of asset objects unloaded after import = 2
========================================================================
Received Import Request.
  Time since last request: 1.539482 seconds.
  path: Assets/Sound/kenney_ui-audio (1)/Audio/click2.ogg
  artifactKey: Guid(dc7b8adc358946e4296a3e49ab023690) Importer(815301076,1909f56bfc062723c751e8b465ee728b)
Start importing Assets/Sound/kenney_ui-audio (1)/Audio/click2.ogg using Guid(dc7b8adc358946e4296a3e49ab023690) Importer(815301076,1909f56bfc062723c751e8b465ee728b) [PhysX] Initialized MultithreadedTaskDispatcher with 12 workers.
[PhysX] Initialized MultithreadedTaskDispatcher with 12 workers.
 -> (artifact id: 'd86fec36d74016ce3cfb6fa9f0176287') in 0.028696 seconds
Number of updated asset objects reloaded before import = 0
Number of asset objects unloaded after import = 2
========================================================================
Received Import Request.
  Time since last request: 0.000022 seconds.
  path: Assets/Sound/kenney_ui-audio (1)/Audio/switch20.ogg
  artifactKey: Guid(11f131f92d0c0924582a6c02b6b4615e) Importer(815301076,1909f56bfc062723c751e8b465ee728b)
Start importing Assets/Sound/kenney_ui-audio (1)/Audio/switch20.ogg using Guid(11f131f92d0c0924582a6c02b6b4615e) Importer(815301076,1909f56bfc062723c751e8b465ee728b) [PhysX] Initialized MultithreadedTaskDispatcher with 12 workers.
[PhysX] Initialized MultithreadedTaskDispatcher with 12 workers.
 -> (artifact id: '60b21041c7acd5b0d9e235dfb7a6c26b') in 0.030795 seconds
Number of updated asset objects reloaded before import = 0
Number of asset objects unloaded after import = 2
========================================================================
Received Import Request.
  Time since last request: 0.000023 seconds.
  path: Assets/Sound/kenney_ui-audio (1)/Audio/mouseclick1.ogg
  artifactKey: Guid(a6dbc8385b4b7cb4a95a15c982aee206) Importer(815301076,1909f56bfc062723c751e8b465ee728b)
Start importing Assets/Sound/kenney_ui-audio (1)/Audio/mouseclick1.ogg using Guid(a6dbc8385b4b7cb4a95a15c982aee206) Importer(815301076,1909f56bfc062723c751e8b465ee728b) [PhysX] Initialized MultithreadedTaskDispatcher with 12 workers.
[PhysX] Initialized MultithreadedTaskDispatcher with 12 workers.
 -> (artifact id: '122b5af832af10c42b6eebd4726d80e9') in 0.026083 seconds
Number of updated asset objects reloaded before import = 0
Number of asset objects unloaded after import = 2
========================================================================
Received Import Request.
  Time since last request: 0.000016 seconds.
  path: Assets/Sound/kenney_ui-audio (1)/Audio/switch4.ogg
  artifactKey: Guid(686e870d531e4054ca0f542e7e6ead56) Importer(815301076,1909f56bfc062723c751e8b465ee728b)
Start importing Assets/Sound/kenney_ui-audio (1)/Audio/switch4.ogg using Guid(686e870d531e4054ca0f542e7e6ead56) Importer(815301076,1909f56bfc062723c751e8b465ee728b) [PhysX] Initialized MultithreadedTaskDispatcher with 12 workers.
[PhysX] Initialized MultithreadedTaskDispatcher with 12 workers.
 -> (artifact id: '4cdaa89885a7a100c1cc7bea7add6cc5') in 0.019258 seconds
Number of updated asset objects reloaded before import = 0
Number of asset objects unloaded after import = 2
========================================================================
Received Import Request.
  Time since last request: 0.000042 seconds.
  path: Assets/Sound/kenney_ui-audio (1)/Audio/switch1.ogg
  artifactKey: Guid(e48548b2cfaa4ff418b147e68df35716) Importer(815301076,1909f56bfc062723c751e8b465ee728b)
Start importing Assets/Sound/kenney_ui-audio (1)/Audio/switch1.ogg using Guid(e48548b2cfaa4ff418b147e68df35716) Importer(815301076,1909f56bfc062723c751e8b465ee728b) [PhysX] Initialized MultithreadedTaskDispatcher with 12 workers.
[PhysX] Initialized MultithreadedTaskDispatcher with 12 workers.
 -> (artifact id: '6bd174c3fbbb3179aff495d95f39fdfb') in 0.021517 seconds
Number of updated asset objects reloaded before import = 0
Number of asset objects unloaded after import = 2
========================================================================
Received Import Request.
  Time since last request: 0.000043 seconds.
  path: Assets/Sound/kenney_ui-audio (1)/Audio/switch14.ogg
  artifactKey: Guid(73d35af5a6d140d4180ef3fbd630d40a) Importer(815301076,1909f56bfc062723c751e8b465ee728b)
Start importing Assets/Sound/kenney_ui-audio (1)/Audio/switch14.ogg using Guid(73d35af5a6d140d4180ef3fbd630d40a) Importer(815301076,1909f56bfc062723c751e8b465ee728b) [PhysX] Initialized MultithreadedTaskDispatcher with 12 workers.
[PhysX] Initialized MultithreadedTaskDispatcher with 12 workers.
 -> (artifact id: '05233fba1c602a3f69e5863f8b3e98fc') in 0.021340 seconds
Number of updated asset objects reloaded before import = 0
Number of asset objects unloaded after import = 2
========================================================================
Received Import Request.
  Time since last request: 0.000021 seconds.
  path: Assets/Sound/kenney_ui-audio (1)/Audio/switch6.ogg
  artifactKey: Guid(6e17e1448b8bdd1428bf30f02b1470e3) Importer(815301076,1909f56bfc062723c751e8b465ee728b)
Start importing Assets/Sound/kenney_ui-audio (1)/Audio/switch6.ogg using Guid(6e17e1448b8bdd1428bf30f02b1470e3) Importer(815301076,1909f56bfc062723c751e8b465ee728b) [PhysX] Initialized MultithreadedTaskDispatcher with 12 workers.
[PhysX] Initialized MultithreadedTaskDispatcher with 12 workers.
 -> (artifact id: 'cffc9e0f8b1105d91ff1fafa447075f3') in 0.022332 seconds
Number of updated asset objects reloaded before import = 0
Number of asset objects unloaded after import = 2
========================================================================
Received Import Request.
  Time since last request: 0.000021 seconds.
  path: Assets/Sound/kenney_ui-audio (1)/Audio/mouserelease1.ogg
  artifactKey: Guid(6ebd68981cee6c84eb166e584be2ec15) Importer(815301076,1909f56bfc062723c751e8b465ee728b)
Start importing Assets/Sound/kenney_ui-audio (1)/Audio/mouserelease1.ogg using Guid(6ebd68981cee6c84eb166e584be2ec15) Importer(815301076,1909f56bfc062723c751e8b465ee728b) [PhysX] Initialized MultithreadedTaskDispatcher with 12 workers.
[PhysX] Initialized MultithreadedTaskDispatcher with 12 workers.
 -> (artifact id: '2c22a42cd23980bbd09466e0378ea890') in 0.021268 seconds
Number of updated asset objects reloaded before import = 0
Number of asset objects unloaded after import = 2
========================================================================
Received Import Request.
  Time since last request: 0.000027 seconds.
  path: Assets/Sound/kenney_ui-audio (1)/Audio/rollover3.ogg
  artifactKey: Guid(59c114c8ef5bc80458fc928f2d816d4f) Importer(815301076,1909f56bfc062723c751e8b465ee728b)
Start importing Assets/Sound/kenney_ui-audio (1)/Audio/rollover3.ogg using Guid(59c114c8ef5bc80458fc928f2d816d4f) Importer(815301076,1909f56bfc062723c751e8b465ee728b) [PhysX] Initialized MultithreadedTaskDispatcher with 12 workers.
[PhysX] Initialized MultithreadedTaskDispatcher with 12 workers.
 -> (artifact id: '15b3d91096074daeaf6b74476f6d0bd1') in 0.022655 seconds
Number of updated asset objects reloaded before import = 0
Number of asset objects unloaded after import = 2
========================================================================
Received Import Request.
  Time since last request: 0.000015 seconds.
  path: Assets/Sound/kenney_ui-audio (1)/Audio/click3.ogg
  artifactKey: Guid(3a1ed1c1ffb8fe34cb9c52516a583932) Importer(815301076,1909f56bfc062723c751e8b465ee728b)
Start importing Assets/Sound/kenney_ui-audio (1)/Audio/click3.ogg using Guid(3a1ed1c1ffb8fe34cb9c52516a583932) Importer(815301076,1909f56bfc062723c751e8b465ee728b) [PhysX] Initialized MultithreadedTaskDispatcher with 12 workers.
[PhysX] Initialized MultithreadedTaskDispatcher with 12 workers.
 -> (artifact id: '0d393ee361b199bc9e556cb7ae8098db') in 0.025024 seconds
Number of updated asset objects reloaded before import = 0
Number of asset objects unloaded after import = 2
========================================================================
Received Import Request.
  Time since last request: 0.000043 seconds.
  path: Assets/Sound/kenney_ui-audio (1)/Audio/switch12.ogg
  artifactKey: Guid(501cefdd150ac144f8141384cc906c89) Importer(815301076,1909f56bfc062723c751e8b465ee728b)
Start importing Assets/Sound/kenney_ui-audio (1)/Audio/switch12.ogg using Guid(501cefdd150ac144f8141384cc906c89) Importer(815301076,1909f56bfc062723c751e8b465ee728b) [PhysX] Initialized MultithreadedTaskDispatcher with 12 workers.
[PhysX] Initialized MultithreadedTaskDispatcher with 12 workers.
 -> (artifact id: 'e3195ac6313aaa09e1edc58f4b69d6f0') in 0.027757 seconds
Number of updated asset objects reloaded before import = 0
Number of asset objects unloaded after import = 2
========================================================================
Received Import Request.
  Time since last request: 0.000023 seconds.
  path: Assets/Sound/kenney_ui-audio (1)/Audio/switch7.ogg
  artifactKey: Guid(4d1c56f7e29c26e4797030aea3361eda) Importer(815301076,1909f56bfc062723c751e8b465ee728b)
Start importing Assets/Sound/kenney_ui-audio (1)/Audio/switch7.ogg using Guid(4d1c56f7e29c26e4797030aea3361eda) Importer(815301076,1909f56bfc062723c751e8b465ee728b) [PhysX] Initialized MultithreadedTaskDispatcher with 12 workers.
[PhysX] Initialized MultithreadedTaskDispatcher with 12 workers.
 -> (artifact id: '0d42764d14cad9e50aa392103b86af43') in 0.022558 seconds
Number of updated asset objects reloaded before import = 0
Number of asset objects unloaded after import = 2
========================================================================
Received Import Request.
  Time since last request: 0.001088 seconds.
  path: Assets/Sound/kenney_ui-audio (1)/Audio/switch3.ogg
  artifactKey: Guid(36ceab473f5f3bf41a35415688e588a8) Importer(815301076,1909f56bfc062723c751e8b465ee728b)
Start importing Assets/Sound/kenney_ui-audio (1)/Audio/switch3.ogg using Guid(36ceab473f5f3bf41a35415688e588a8) Importer(815301076,1909f56bfc062723c751e8b465ee728b) [PhysX] Initialized MultithreadedTaskDispatcher with 12 workers.
[PhysX] Initialized MultithreadedTaskDispatcher with 12 workers.
 -> (artifact id: '690912a81d6376c553d88c986e851d89') in 0.023042 seconds
Number of updated asset objects reloaded before import = 0
Number of asset objects unloaded after import = 2
========================================================================
Received Import Request.
  Time since last request: 0.000023 seconds.
  path: Assets/Sound/kenney_ui-audio (1)/Audio/switch16.ogg
  artifactKey: Guid(63fbe8d3480daae4fba36abc49a3d5da) Importer(815301076,1909f56bfc062723c751e8b465ee728b)
Start importing Assets/Sound/kenney_ui-audio (1)/Audio/switch16.ogg using Guid(63fbe8d3480daae4fba36abc49a3d5da) Importer(815301076,1909f56bfc062723c751e8b465ee728b) [PhysX] Initialized MultithreadedTaskDispatcher with 12 workers.
[PhysX] Initialized MultithreadedTaskDispatcher with 12 workers.
 -> (artifact id: '88f97ae920fc2699b8b3bec0962fb9f8') in 0.018367 seconds
Number of updated asset objects reloaded before import = 0
Number of asset objects unloaded after import = 2
========================================================================
Received Import Request.
  Time since last request: 0.000023 seconds.
  path: Assets/Sound/kenney_ui-audio (1)/Audio/switch13.ogg
  artifactKey: Guid(bf3ded4ac8f4fc14daa4fdca63bfcc82) Importer(815301076,1909f56bfc062723c751e8b465ee728b)
Start importing Assets/Sound/kenney_ui-audio (1)/Audio/switch13.ogg using Guid(bf3ded4ac8f4fc14daa4fdca63bfcc82) Importer(815301076,1909f56bfc062723c751e8b465ee728b) [PhysX] Initialized MultithreadedTaskDispatcher with 12 workers.
[PhysX] Initialized MultithreadedTaskDispatcher with 12 workers.
 -> (artifact id: 'c42c955bf125f59f350787a7832c0d00') in 0.018663 seconds
Number of updated asset objects reloaded before import = 0
Number of asset objects unloaded after import = 2
========================================================================
Received Import Request.
  Time since last request: 0.000033 seconds.
  path: Assets/Sound/kenney_ui-audio (1)/Audio/switch15.ogg
  artifactKey: Guid(86d51c84da4881d44860950195281a18) Importer(815301076,1909f56bfc062723c751e8b465ee728b)
Start importing Assets/Sound/kenney_ui-audio (1)/Audio/switch15.ogg using Guid(86d51c84da4881d44860950195281a18) Importer(815301076,1909f56bfc062723c751e8b465ee728b) [PhysX] Initialized MultithreadedTaskDispatcher with 12 workers.
[PhysX] Initialized MultithreadedTaskDispatcher with 12 workers.
 -> (artifact id: 'b0733974c842d8132f6f19b8f89c3a05') in 0.025206 seconds
Number of updated asset objects reloaded before import = 0
Number of asset objects unloaded after import = 2
========================================================================
Received Import Request.
  Time since last request: 0.000031 seconds.
  path: Assets/Sound/kenney_ui-audio (1)/Audio/switch11.ogg
  artifactKey: Guid(6bc55a4c15fd8474fa4e91675a9069ea) Importer(815301076,1909f56bfc062723c751e8b465ee728b)
Start importing Assets/Sound/kenney_ui-audio (1)/Audio/switch11.ogg using Guid(6bc55a4c15fd8474fa4e91675a9069ea) Importer(815301076,1909f56bfc062723c751e8b465ee728b) [PhysX] Initialized MultithreadedTaskDispatcher with 12 workers.
[PhysX] Initialized MultithreadedTaskDispatcher with 12 workers.
 -> (artifact id: '1e497b71aaa9782accab55bee5246b9f') in 0.020867 seconds
Number of updated asset objects reloaded before import = 0
Number of asset objects unloaded after import = 2
========================================================================
Received Import Request.
  Time since last request: 0.467264 seconds.
  path: Assets/Sound/kenney_ui-audio (1)/Audio/switch23.ogg
  artifactKey: Guid(d2ceffe27d7d65144996cc26ac7f4ac7) Importer(815301076,1909f56bfc062723c751e8b465ee728b)
Start importing Assets/Sound/kenney_ui-audio (1)/Audio/switch23.ogg using Guid(d2ceffe27d7d65144996cc26ac7f4ac7) Importer(815301076,1909f56bfc062723c751e8b465ee728b) [PhysX] Initialized MultithreadedTaskDispatcher with 12 workers.
[PhysX] Initialized MultithreadedTaskDispatcher with 12 workers.
 -> (artifact id: 'f52ba00692df1dd6d8a5deef3f288667') in 0.022218 seconds
Number of updated asset objects reloaded before import = 0
Number of asset objects unloaded after import = 2
========================================================================
Received Import Request.
  Time since last request: 0.000058 seconds.
  path: Assets/Sound/kenney_ui-audio (1)/Audio/switch25.ogg
  artifactKey: Guid(859bb9ba578f67e44a81bd39ac992531) Importer(815301076,1909f56bfc062723c751e8b465ee728b)
Start importing Assets/Sound/kenney_ui-audio (1)/Audio/switch25.ogg using Guid(859bb9ba578f67e44a81bd39ac992531) Importer(815301076,1909f56bfc062723c751e8b465ee728b) [PhysX] Initialized MultithreadedTaskDispatcher with 12 workers.
[PhysX] Initialized MultithreadedTaskDispatcher with 12 workers.
 -> (artifact id: '591dc471d45de1d909971a79b5c76a16') in 0.021555 seconds
Number of updated asset objects reloaded before import = 0
Number of asset objects unloaded after import = 2
========================================================================
Received Import Request.
  Time since last request: 0.000025 seconds.
  path: Assets/Sound/kenney_ui-audio (1)/Audio/switch31.ogg
  artifactKey: Guid(122b7c2c590cdf543b2c9bf9fc7e7a40) Importer(815301076,1909f56bfc062723c751e8b465ee728b)
Start importing Assets/Sound/kenney_ui-audio (1)/Audio/switch31.ogg using Guid(122b7c2c590cdf543b2c9bf9fc7e7a40) Importer(815301076,1909f56bfc062723c751e8b465ee728b) [PhysX] Initialized MultithreadedTaskDispatcher with 12 workers.
[PhysX] Initialized MultithreadedTaskDispatcher with 12 workers.
 -> (artifact id: 'cb2ac2a37ffe2d651733e8485b395023') in 0.018973 seconds
Number of updated asset objects reloaded before import = 0
Number of asset objects unloaded after import = 2
========================================================================
Received Import Request.
  Time since last request: 0.000024 seconds.
  path: Assets/Sound/kenney_ui-audio (1)/Audio/switch30.ogg
  artifactKey: Guid(4d749146a280c9a47917df00911809fa) Importer(815301076,1909f56bfc062723c751e8b465ee728b)
Start importing Assets/Sound/kenney_ui-audio (1)/Audio/switch30.ogg using Guid(4d749146a280c9a47917df00911809fa) Importer(815301076,1909f56bfc062723c751e8b465ee728b) [PhysX] Initialized MultithreadedTaskDispatcher with 12 workers.
[PhysX] Initialized MultithreadedTaskDispatcher with 12 workers.
 -> (artifact id: 'c98ff0bdfcece1caf105fd63d5befeba') in 0.021389 seconds
Number of updated asset objects reloaded before import = 0
Number of asset objects unloaded after import = 2
========================================================================
Received Import Request.
  Time since last request: 0.000027 seconds.
  path: Assets/Sound/kenney_ui-audio (1)/Audio/switch36.ogg
  artifactKey: Guid(9e4a1d8dfa25ee947b71a4388036161d) Importer(815301076,1909f56bfc062723c751e8b465ee728b)
Start importing Assets/Sound/kenney_ui-audio (1)/Audio/switch36.ogg using Guid(9e4a1d8dfa25ee947b71a4388036161d) Importer(815301076,1909f56bfc062723c751e8b465ee728b) [PhysX] Initialized MultithreadedTaskDispatcher with 12 workers.
[PhysX] Initialized MultithreadedTaskDispatcher with 12 workers.
 -> (artifact id: '2944b5060e864bcfcdcca3dd2c9ad36b') in 0.018269 seconds
Number of updated asset objects reloaded before import = 0
Number of asset objects unloaded after import = 2
========================================================================
Received Import Request.
  Time since last request: 0.000028 seconds.
  path: Assets/Sound/kenney_ui-audio (1)/Audio/switch35.ogg
  artifactKey: Guid(577a69f7d829b5748bb1d54380b2048c) Importer(815301076,1909f56bfc062723c751e8b465ee728b)
Start importing Assets/Sound/kenney_ui-audio (1)/Audio/switch35.ogg using Guid(577a69f7d829b5748bb1d54380b2048c) Importer(815301076,1909f56bfc062723c751e8b465ee728b) [PhysX] Initialized MultithreadedTaskDispatcher with 12 workers.
[PhysX] Initialized MultithreadedTaskDispatcher with 12 workers.
 -> (artifact id: 'ba1028b8ee8bbf2cc6ba79af4cc81c23') in 0.018955 seconds
Number of updated asset objects reloaded before import = 0
Number of asset objects unloaded after import = 2
========================================================================
Received Import Request.
  Time since last request: 0.000031 seconds.
  path: Assets/Sound/kenney_ui-audio (1)/Audio/switch33.ogg
  artifactKey: Guid(6b15433cc0ae1ee4a8bd42572946ac4a) Importer(815301076,1909f56bfc062723c751e8b465ee728b)
Start importing Assets/Sound/kenney_ui-audio (1)/Audio/switch33.ogg using Guid(6b15433cc0ae1ee4a8bd42572946ac4a) Importer(815301076,1909f56bfc062723c751e8b465ee728b) [PhysX] Initialized MultithreadedTaskDispatcher with 12 workers.
[PhysX] Initialized MultithreadedTaskDispatcher with 12 workers.
 -> (artifact id: '59d9d76f790b9a247a31a4700a378702') in 0.018135 seconds
Number of updated asset objects reloaded before import = 0
Number of asset objects unloaded after import = 2
========================================================================
Received Import Request.
  Time since last request: 0.000022 seconds.
  path: Assets/Sound/kenney_ui-audio (1)/Audio/switch26.ogg
  artifactKey: Guid(cf67047322c132f4c98cd8f5e77db2f1) Importer(815301076,1909f56bfc062723c751e8b465ee728b)
Start importing Assets/Sound/kenney_ui-audio (1)/Audio/switch26.ogg using Guid(cf67047322c132f4c98cd8f5e77db2f1) Importer(815301076,1909f56bfc062723c751e8b465ee728b) [PhysX] Initialized MultithreadedTaskDispatcher with 12 workers.
[PhysX] Initialized MultithreadedTaskDispatcher with 12 workers.
 -> (artifact id: '9e1f8215cde7d991cc699db945c10d72') in 0.017734 seconds
Number of updated asset objects reloaded before import = 0
Number of asset objects unloaded after import = 2
Editor requested this worker to shutdown with reason: Scaling down because of idle timeout
TcpMessagingSession - receive error: operation aborted. errorcode: 995, details: The I/O operation has been aborted because of either a thread exit or an application request.
AssetImportWorker is now disconnected from the server
Process exiting
Exiting without the bug reporter. Application will terminate with return code 0